2017-07-26 23:35:55,531 DEBUG o.s.web.servlet.DispatcherServlet - Initializing servlet 'dispatcherServlet'
2017-07-26 23:35:55,534 INFO  o.a.c.c.C.[Tomcat].[localhost].[/] - Initializing Spring FrameworkServlet 'dispatcherServlet'
2017-07-26 23:35:55,534 INFO  o.s.web.servlet.DispatcherServlet - FrameworkServlet 'dispatcherServlet': initialization started
2017-07-26 23:35:55,534 DEBUG o.s.b.f.s.DefaultListableBeanFactory - Returning cached instance of singleton bean 'multipartResolver'
2017-07-26 23:35:55,534 DEBUG o.s.web.servlet.DispatcherServlet - Using MultipartResolver [org.springframework.web.multipart.support.StandardServletMultipartResolver@282e28fc]
2017-07-26 23:35:55,535 DEBUG o.s.b.f.s.DefaultListableBeanFactory - Creating instance of bean 'org.springframework.web.servlet.i18n.AcceptHeaderLocaleResolver'
2017-07-26 23:35:55,540 DEBUG o.s.b.f.s.DefaultListableBeanFactory - Finished creating instance of bean 'org.springframework.web.servlet.i18n.AcceptHeaderLocaleResolver'
2017-07-26 23:35:55,540 DEBUG o.s.web.servlet.DispatcherServlet - Unable to locate LocaleResolver with name 'localeResolver': using default [org.springframework.web.servlet.i18n.AcceptHeaderLocaleResolver@6cb9d6c6]
2017-07-26 23:35:55,542 DEBUG o.s.b.f.s.DefaultListableBeanFactory - Creating instance of bean 'org.springframework.web.servlet.theme.FixedThemeResolver'
2017-07-26 23:35:55,545 DEBUG o.s.b.f.s.DefaultListableBeanFactory - Finished creating instance of bean 'org.springframework.web.servlet.theme.FixedThemeResolver'
2017-07-26 23:35:55,545 DEBUG o.s.web.servlet.DispatcherServlet - Unable to locate ThemeResolver with name 'themeResolver': using default [org.springframework.web.servlet.theme.FixedThemeResolver@129ecffd]
2017-07-26 23:35:55,545 DEBUG o.s.b.f.s.DefaultListableBeanFactory - Returning cached instance of singleton bean 'requestMappingHandlerMapping'
2017-07-26 23:35:55,545 DEBUG o.s.b.f.s.DefaultListableBeanFactory - Returning cached instance of singleton bean 'viewControllerHandlerMapping'
2017-07-26 23:35:55,545 DEBUG o.s.b.f.s.DefaultListableBeanFactory - Returning cached instance of singleton bean 'beanNameHandlerMapping'
2017-07-26 23:35:55,545 DEBUG o.s.b.f.s.DefaultListableBeanFactory - Returning cached instance of singleton bean 'resourceHandlerMapping'
2017-07-26 23:35:55,545 DEBUG o.s.b.f.s.DefaultListableBeanFactory - Returning cached instance of singleton bean 'defaultServletHandlerMapping'
2017-07-26 23:35:55,545 DEBUG o.s.b.f.s.DefaultListableBeanFactory - Returning cached instance of singleton bean 'faviconHandlerMapping'
2017-07-26 23:35:55,545 DEBUG o.s.b.f.s.DefaultListableBeanFactory - Returning cached instance of singleton bean 'welcomePageHandlerMapping'
2017-07-26 23:35:55,545 DEBUG o.s.b.f.s.DefaultListableBeanFactory - Returning cached instance of singleton bean 'requestMappingHandlerAdapter'
2017-07-26 23:35:55,547 DEBUG o.s.b.f.s.DefaultListableBeanFactory - Returning cached instance of singleton bean 'httpRequestHandlerAdapter'
2017-07-26 23:35:55,547 DEBUG o.s.b.f.s.DefaultListableBeanFactory - Returning cached instance of singleton bean 'simpleControllerHandlerAdapter'
2017-07-26 23:35:55,547 DEBUG o.s.b.f.s.DefaultListableBeanFactory - Returning cached instance of singleton bean 'errorAttributes'
2017-07-26 23:35:55,547 DEBUG o.s.b.f.s.DefaultListableBeanFactory - Returning cached instance of singleton bean 'handlerExceptionResolver'
2017-07-26 23:35:55,547 DEBUG o.s.b.f.s.DefaultListableBeanFactory - Creating instance of bean 'org.springframework.web.servlet.view.DefaultRequestToViewNameTranslator'
2017-07-26 23:35:55,552 DEBUG o.s.b.f.s.DefaultListableBeanFactory - Finished creating instance of bean 'org.springframework.web.servlet.view.DefaultRequestToViewNameTranslator'
2017-07-26 23:35:55,552 DEBUG o.s.web.servlet.DispatcherServlet - Unable to locate RequestToViewNameTranslator with name 'viewNameTranslator': using default [org.springframework.web.servlet.view.DefaultRequestToViewNameTranslator@69a11bc7]
2017-07-26 23:35:55,552 DEBUG o.s.b.f.s.DefaultListableBeanFactory - Returning cached instance of singleton bean 'beanNameViewResolver'
2017-07-26 23:35:55,552 DEBUG o.s.b.f.s.DefaultListableBeanFactory - Returning cached instance of singleton bean 'mvcViewResolver'
2017-07-26 23:35:55,552 DEBUG o.s.b.f.s.DefaultListableBeanFactory - Returning cached instance of singleton bean 'defaultViewResolver'
2017-07-26 23:35:55,552 DEBUG o.s.b.f.s.DefaultListableBeanFactory - Returning cached instance of singleton bean 'viewResolver'
2017-07-26 23:35:55,555 DEBUG o.s.b.f.s.DefaultListableBeanFactory - Creating instance of bean 'org.springframework.web.servlet.support.SessionFlashMapManager'
2017-07-26 23:35:55,562 DEBUG o.s.b.f.s.DefaultListableBeanFactory - Finished creating instance of bean 'org.springframework.web.servlet.support.SessionFlashMapManager'
2017-07-26 23:35:55,562 DEBUG o.s.web.servlet.DispatcherServlet - Unable to locate FlashMapManager with name 'flashMapManager': using default [org.springframework.web.servlet.support.SessionFlashMapManager@6d697e3b]
2017-07-26 23:35:55,562 DEBUG o.s.web.servlet.DispatcherServlet - Published WebApplicationContext of servlet 'dispatcherServlet' as ServletContext attribute with name [org.springframework.web.servlet.FrameworkServlet.CONTEXT.dispatcherServlet]
2017-07-26 23:35:55,562 INFO  o.s.web.servlet.DispatcherServlet - FrameworkServlet 'dispatcherServlet': initialization completed in 28 ms
2017-07-26 23:35:55,562 DEBUG o.s.web.servlet.DispatcherServlet - Servlet 'dispatcherServlet' configured successfully
2017-07-26 23:35:55,577 DEBUG o.s.b.w.f.OrderedRequestContextFilter - Bound request context to thread: org.apache.catalina.connector.RequestFacade@4bae618d
2017-07-26 23:35:55,682 DEBUG o.s.b.f.a.InjectionMetadata - Processing injected element of bean 'com.easybusiness.action.CreateUserLandingAction': AutowiredFieldElement for com.easybusiness.restclient.UserClient com.easybusiness.action.CreateUserLandingAction.userClient
2017-07-26 23:35:55,682 DEBUG o.s.b.f.s.DefaultListableBeanFactory - Returning cached instance of singleton bean 'userClient'
2017-07-26 23:35:55,682 DEBUG o.s.b.f.a.AutowiredAnnotationBeanPostProcessor - Autowiring by type from bean name 'com.easybusiness.action.CreateUserLandingAction' to bean named 'userClient'
2017-07-26 23:35:56,624 DEBUG o.s.b.w.f.OrderedRequestContextFilter - Cleared thread-bound request context: org.apache.catalina.connector.RequestFacade@4bae618d
2017-07-26 23:36:01,420 DEBUG o.s.b.w.f.OrderedRequestContextFilter - Bound request context to thread: org.apache.catalina.connector.RequestFacade@4bae618d
2017-07-26 23:36:01,636 DEBUG o.s.b.w.f.OrderedRequestContextFilter - Cleared thread-bound request context: org.apache.catalina.connector.RequestFacade@4bae618d
2017-07-26 23:36:03,203 DEBUG o.s.b.w.f.OrderedRequestContextFilter - Bound request context to thread: org.apache.catalina.connector.RequestFacade@4bae618d
2017-07-26 23:36:03,247 DEBUG o.s.b.f.a.InjectionMetadata - Processing injected element of bean 'com.easybusiness.action.LoginAction': AutowiredFieldElement for com.easybusiness.restclient.UserClient com.easybusiness.action.LoginAction.userClient
2017-07-26 23:36:03,249 DEBUG o.s.b.f.s.DefaultListableBeanFactory - Returning cached instance of singleton bean 'userClient'
2017-07-26 23:36:03,249 DEBUG o.s.b.f.a.AutowiredAnnotationBeanPostProcessor - Autowiring by type from bean name 'com.easybusiness.action.LoginAction' to bean named 'userClient'
2017-07-26 23:36:03,304 DEBUG o.s.web.client.RestTemplate - Created GET request for "http://localhost:1080/easybusiness/user/getByUserName/admin"
2017-07-26 23:36:03,369 DEBUG o.s.web.client.RestTemplate - Setting request Accept header to [application/json, application/*+json]
2017-07-26 23:36:03,500 DEBUG o.s.web.client.RestTemplate - GET request for "http://localhost:1080/easybusiness/user/getByUserName/admin" resulted in 200 (null)
2017-07-26 23:36:03,517 DEBUG o.s.web.client.RestTemplate - Reading [class com.easybusiness.bean.UserDTO] as "application/json;charset=UTF-8" using [org.springframework.http.converter.json.MappingJackson2HttpMessageConverter@6865c751]
2017-07-26 23:36:03,559 INFO  c.e.restclient.UserClient - response of get user is  <200 OK,User [id=2, userName=admin, firstName=admin, fromDate=2017-07-02, lastName=admin, password=admin@123, gender=male, dateOfBirth=2017-07-02, email=admin@slscomptech.com, alternateEmail=null, mobile=9832841245, endDate=null, organization=SLS, department=HR, designation=HR Admin, typeOfEmployment=Permanent, isEnabled=1, userImg=null, modifiedBy=null, modifiedOn=null],{Content-Type=[application/json;charset=UTF-8], Transfer-Encoding=[chunked], Date=[Wed, 26 Jul 2017 18:06:03 GMT]}>
2017-07-26 23:36:03,559 DEBUG o.s.web.client.RestTemplate - Created GET request for "http://localhost:1080/easybusiness/usergroup/getByUserId/2"
2017-07-26 23:36:03,560 DEBUG o.s.web.client.RestTemplate - Setting request Accept header to [application/json, application/*+json]
2017-07-26 23:36:03,591 DEBUG o.s.web.client.RestTemplate - GET request for "http://localhost:1080/easybusiness/usergroup/getByUserId/2" resulted in 200 (null)
2017-07-26 23:36:03,592 DEBUG o.s.web.client.RestTemplate - Reading [class [Lcom.easybusiness.bean.UserGroupMapDTO;] as "application/json;charset=UTF-8" using [org.springframework.http.converter.json.MappingJackson2HttpMessageConverter@6865c751]
2017-07-26 23:36:03,598 INFO  c.e.restclient.UserClient - response of get userGroup is  <200 OK,[Lcom.easybusiness.bean.UserGroupMapDTO;@5dc2bb83,{Content-Type=[application/json;charset=UTF-8], Transfer-Encoding=[chunked], Date=[Wed, 26 Jul 2017 18:06:03 GMT]}>
2017-07-26 23:36:03,598 DEBUG o.s.web.client.RestTemplate - Created GET request for "http://localhost:1080/easybusiness/userrole/getRoleByUserId/2"
2017-07-26 23:36:03,599 DEBUG o.s.web.client.RestTemplate - Setting request Accept header to [application/json, application/*+json]
2017-07-26 23:36:03,643 DEBUG o.s.web.client.RestTemplate - GET request for "http://localhost:1080/easybusiness/userrole/getRoleByUserId/2" resulted in 200 (null)
2017-07-26 23:36:03,644 DEBUG o.s.web.client.RestTemplate - Reading [class [Lcom.easybusiness.bean.UserRoleMapDTO;] as "application/json;charset=UTF-8" using [org.springframework.http.converter.json.MappingJackson2HttpMessageConverter@6865c751]
2017-07-26 23:36:03,647 INFO  c.e.restclient.UserClient - response of get role is  <200 OK,[Lcom.easybusiness.bean.UserRoleMapDTO;@4c6d4de0,{Content-Type=[application/json;charset=UTF-8], Transfer-Encoding=[chunked], Date=[Wed, 26 Jul 2017 18:06:03 GMT]}>
2017-07-26 23:36:03,647 DEBUG o.s.web.client.RestTemplate - Created GET request for "http://localhost:1080/easybusiness/usergroupmenusubmenu/getUserGroupMenuByGroupId/3"
2017-07-26 23:36:03,648 DEBUG o.s.web.client.RestTemplate - Setting request Accept header to [application/json, application/*+json]
2017-07-26 23:36:03,685 DEBUG o.s.web.client.RestTemplate - GET request for "http://localhost:1080/easybusiness/usergroupmenusubmenu/getUserGroupMenuByGroupId/3" resulted in 200 (null)
2017-07-26 23:36:03,685 DEBUG o.s.web.client.RestTemplate - Reading [class [Lcom.easybusiness.bean.UserGroupMenuSubMenuDTO;] as "application/json;charset=UTF-8" using [org.springframework.http.converter.json.MappingJackson2HttpMessageConverter@6865c751]
2017-07-26 23:36:03,704 INFO  c.e.restclient.UserClient - response of get Menu by Group Id is  [Lcom.easybusiness.bean.UserGroupMenuSubMenuDTO;@6c946c89
2017-07-26 23:36:03,704 DEBUG o.s.web.client.RestTemplate - Created GET request for "http://localhost:1080/easybusiness/usergroupmenu/getUserGroupMenuByGroupId/3"
2017-07-26 23:36:03,704 DEBUG o.s.web.client.RestTemplate - Setting request Accept header to [application/json, application/*+json]
2017-07-26 23:36:03,727 DEBUG o.s.web.client.RestTemplate - GET request for "http://localhost:1080/easybusiness/usergroupmenu/getUserGroupMenuByGroupId/3" resulted in 200 (null)
2017-07-26 23:36:03,727 DEBUG o.s.web.client.RestTemplate - Reading [class [Lcom.easybusiness.bean.UserGroupMenuDTO;] as "application/json;charset=UTF-8" using [org.springframework.http.converter.json.MappingJackson2HttpMessageConverter@6865c751]
2017-07-26 23:36:03,729 INFO  c.e.restclient.UserClient - response of get Menu by Group Id is  [Lcom.easybusiness.bean.UserGroupMenuDTO;@32354cae
2017-07-26 23:36:03,732 DEBUG o.s.web.client.RestTemplate - Created GET request for "http://localhost:1080/easybusiness/userbank/getbankByUserId/2"
2017-07-26 23:36:03,732 DEBUG o.s.web.client.RestTemplate - Setting request Accept header to [application/json, application/*+json]
2017-07-26 23:36:03,752 DEBUG o.s.web.client.RestTemplate - GET request for "http://localhost:1080/easybusiness/userbank/getbankByUserId/2" resulted in 200 (null)
2017-07-26 23:36:03,752 DEBUG o.s.web.client.RestTemplate - Reading [class [Lcom.easybusiness.bean.UserBankMapDTO;] as "application/json;charset=UTF-8" using [org.springframework.http.converter.json.MappingJackson2HttpMessageConverter@6865c751]
2017-07-26 23:36:03,754 INFO  c.e.restclient.UserClient - response of get Menu by Group Id is  [Lcom.easybusiness.bean.UserBankMapDTO;@26596bc3
2017-07-26 23:36:03,757 DEBUG o.s.web.client.RestTemplate - Created GET request for "http://localhost:1080/easybusiness/menu/getSubMenuBySubMenuId/1"
2017-07-26 23:36:03,757 DEBUG o.s.web.client.RestTemplate - Setting request Accept header to [application/json, application/*+json]
2017-07-26 23:36:03,767 DEBUG o.s.web.client.RestTemplate - GET request for "http://localhost:1080/easybusiness/menu/getSubMenuBySubMenuId/1" resulted in 200 (null)
2017-07-26 23:36:03,767 DEBUG o.s.web.client.RestTemplate - Reading [class com.easybusiness.bean.SubMenuDTO] as "application/json;charset=UTF-8" using [org.springframework.http.converter.json.MappingJackson2HttpMessageConverter@6865c751]
2017-07-26 23:36:03,767 INFO  c.e.restclient.UserClient - response of get Sub Menu by Sub Menu Id is  SubMenu [id=1, menu=Menu [id=1, menuName=User, modifiedBy=null, modifiedTime=null], subMenu=Create User, modifiedTime=null, modifiedBy=null]
2017-07-26 23:36:03,769 DEBUG o.s.web.client.RestTemplate - Created GET request for "http://localhost:1080/easybusiness/menu/getSubMenuBySubMenuId/2"
2017-07-26 23:36:03,769 DEBUG o.s.web.client.RestTemplate - Setting request Accept header to [application/json, application/*+json]
2017-07-26 23:36:03,785 DEBUG o.s.web.client.RestTemplate - GET request for "http://localhost:1080/easybusiness/menu/getSubMenuBySubMenuId/2" resulted in 200 (null)
2017-07-26 23:36:03,787 DEBUG o.s.web.client.RestTemplate - Reading [class com.easybusiness.bean.SubMenuDTO] as "application/json;charset=UTF-8" using [org.springframework.http.converter.json.MappingJackson2HttpMessageConverter@6865c751]
2017-07-26 23:36:03,788 INFO  c.e.restclient.UserClient - response of get Sub Menu by Sub Menu Id is  SubMenu [id=2, menu=Menu [id=1, menuName=User, modifiedBy=null, modifiedTime=null], subMenu=View User, modifiedTime=null, modifiedBy=null]
2017-07-26 23:36:03,788 DEBUG o.s.web.client.RestTemplate - Created GET request for "http://localhost:1080/easybusiness/menu/getSubMenuBySubMenuId/8"
2017-07-26 23:36:03,788 DEBUG o.s.web.client.RestTemplate - Setting request Accept header to [application/json, application/*+json]
2017-07-26 23:36:03,806 DEBUG o.s.web.client.RestTemplate - GET request for "http://localhost:1080/easybusiness/menu/getSubMenuBySubMenuId/8" resulted in 200 (null)
2017-07-26 23:36:03,809 DEBUG o.s.web.client.RestTemplate - Reading [class com.easybusiness.bean.SubMenuDTO] as "application/json;charset=UTF-8" using [org.springframework.http.converter.json.MappingJackson2HttpMessageConverter@6865c751]
2017-07-26 23:36:03,809 INFO  c.e.restclient.UserClient - response of get Sub Menu by Sub Menu Id is  SubMenu [id=8, menu=Menu [id=1, menuName=User, modifiedBy=null, modifiedTime=null], subMenu=Map Bank Details, modifiedTime=null, modifiedBy=null]
2017-07-26 23:36:03,809 DEBUG o.s.web.client.RestTemplate - Created GET request for "http://localhost:1080/easybusiness/menu/getSubMenuBySubMenuId/11"
2017-07-26 23:36:03,809 DEBUG o.s.web.client.RestTemplate - Setting request Accept header to [application/json, application/*+json]
2017-07-26 23:36:03,829 DEBUG o.s.web.client.RestTemplate - GET request for "http://localhost:1080/easybusiness/menu/getSubMenuBySubMenuId/11" resulted in 200 (null)
2017-07-26 23:36:03,830 DEBUG o.s.web.client.RestTemplate - Reading [class com.easybusiness.bean.SubMenuDTO] as "application/json;charset=UTF-8" using [org.springframework.http.converter.json.MappingJackson2HttpMessageConverter@6865c751]
2017-07-26 23:36:03,830 INFO  c.e.restclient.UserClient - response of get Sub Menu by Sub Menu Id is  SubMenu [id=11, menu=Menu [id=1, menuName=User, modifiedBy=null, modifiedTime=null], subMenu=Map Role, modifiedTime=null, modifiedBy=null]
2017-07-26 23:36:03,832 DEBUG o.s.web.client.RestTemplate - Created GET request for "http://localhost:1080/easybusiness/menu/getUrlBySubMenuId/1"
2017-07-26 23:36:03,834 DEBUG o.s.web.client.RestTemplate - Setting request Accept header to [application/json, application/*+json]
2017-07-26 23:36:03,855 DEBUG o.s.web.client.RestTemplate - GET request for "http://localhost:1080/easybusiness/menu/getUrlBySubMenuId/1" resulted in 200 (null)
2017-07-26 23:36:03,856 DEBUG o.s.web.client.RestTemplate - Reading [class com.easybusiness.bean.SubMenuUrlDTO] as "application/json;charset=UTF-8" using [org.springframework.http.converter.json.MappingJackson2HttpMessageConverter@6865c751]
2017-07-26 23:36:03,858 INFO  c.e.restclient.UserClient - response of get Url by SubMenu Id is  SubMenuUrl [id=2, subMenu=SubMenu [id=1, menu=null, subMenu=Create User, modifiedTime=null, modifiedBy=null], url=createuser.action, createdBy=null, createdOn=null]
2017-07-26 23:36:03,858 DEBUG o.s.web.client.RestTemplate - Created GET request for "http://localhost:1080/easybusiness/menu/getUrlBySubMenuId/2"
2017-07-26 23:36:03,859 DEBUG o.s.web.client.RestTemplate - Setting request Accept header to [application/json, application/*+json]
2017-07-26 23:36:03,874 DEBUG o.s.web.client.RestTemplate - GET request for "http://localhost:1080/easybusiness/menu/getUrlBySubMenuId/2" resulted in 200 (null)
2017-07-26 23:36:03,874 DEBUG o.s.web.client.RestTemplate - Reading [class com.easybusiness.bean.SubMenuUrlDTO] as "application/json;charset=UTF-8" using [org.springframework.http.converter.json.MappingJackson2HttpMessageConverter@6865c751]
2017-07-26 23:36:03,875 INFO  c.e.restclient.UserClient - response of get Url by SubMenu Id is  SubMenuUrl [id=1, subMenu=SubMenu [id=2, menu=null, subMenu=View User, modifiedTime=null, modifiedBy=null], url=viewuser.action, createdBy=null, createdOn=null]
2017-07-26 23:36:03,875 DEBUG o.s.web.client.RestTemplate - Created GET request for "http://localhost:1080/easybusiness/menu/getUrlBySubMenuId/8"
2017-07-26 23:36:03,875 DEBUG o.s.web.client.RestTemplate - Setting request Accept header to [application/json, application/*+json]
2017-07-26 23:36:03,891 DEBUG o.s.web.client.RestTemplate - GET request for "http://localhost:1080/easybusiness/menu/getUrlBySubMenuId/8" resulted in 200 (null)
2017-07-26 23:36:03,892 DEBUG o.s.web.client.RestTemplate - Reading [class com.easybusiness.bean.SubMenuUrlDTO] as "application/json;charset=UTF-8" using [org.springframework.http.converter.json.MappingJackson2HttpMessageConverter@6865c751]
2017-07-26 23:36:03,892 INFO  c.e.restclient.UserClient - response of get Url by SubMenu Id is  SubMenuUrl [id=8, subMenu=SubMenu [id=8, menu=null, subMenu=Map Bank Details, modifiedTime=null, modifiedBy=null], url=mapuserbank.action, createdBy=null, createdOn=null]
2017-07-26 23:36:03,892 DEBUG o.s.web.client.RestTemplate - Created GET request for "http://localhost:1080/easybusiness/menu/getUrlBySubMenuId/11"
2017-07-26 23:36:03,892 DEBUG o.s.web.client.RestTemplate - Setting request Accept header to [application/json, application/*+json]
2017-07-26 23:36:03,905 DEBUG o.s.web.client.RestTemplate - GET request for "http://localhost:1080/easybusiness/menu/getUrlBySubMenuId/11" resulted in 200 (null)
2017-07-26 23:36:03,905 DEBUG o.s.web.client.RestTemplate - Reading [class com.easybusiness.bean.SubMenuUrlDTO] as "application/json;charset=UTF-8" using [org.springframework.http.converter.json.MappingJackson2HttpMessageConverter@6865c751]
2017-07-26 23:36:03,906 INFO  c.e.restclient.UserClient - response of get Url by SubMenu Id is  SubMenuUrl [id=11, subMenu=SubMenu [id=11, menu=null, subMenu=Map Role, modifiedTime=null, modifiedBy=null], url=mapuserrole.action, createdBy=null, createdOn=null]
2017-07-26 23:36:03,906 DEBUG o.s.web.client.RestTemplate - Created GET request for "http://localhost:1080/easybusiness/menu/getSubMenuBySubMenuId/3"
2017-07-26 23:36:03,906 DEBUG o.s.web.client.RestTemplate - Setting request Accept header to [application/json, application/*+json]
2017-07-26 23:36:03,918 DEBUG o.s.web.client.RestTemplate - GET request for "http://localhost:1080/easybusiness/menu/getSubMenuBySubMenuId/3" resulted in 200 (null)
2017-07-26 23:36:03,921 DEBUG o.s.web.client.RestTemplate - Reading [class com.easybusiness.bean.SubMenuDTO] as "application/json;charset=UTF-8" using [org.springframework.http.converter.json.MappingJackson2HttpMessageConverter@6865c751]
2017-07-26 23:36:03,921 INFO  c.e.restclient.UserClient - response of get Sub Menu by Sub Menu Id is  SubMenu [id=3, menu=Menu [id=2, menuName=Menu, modifiedBy=null, modifiedTime=null], subMenu=Create Menu, modifiedTime=null, modifiedBy=null]
2017-07-26 23:36:03,921 DEBUG o.s.web.client.RestTemplate - Created GET request for "http://localhost:1080/easybusiness/menu/getUrlBySubMenuId/3"
2017-07-26 23:36:03,921 DEBUG o.s.web.client.RestTemplate - Setting request Accept header to [application/json, application/*+json]
2017-07-26 23:36:03,933 DEBUG o.s.web.client.RestTemplate - GET request for "http://localhost:1080/easybusiness/menu/getUrlBySubMenuId/3" resulted in 200 (null)
2017-07-26 23:36:03,936 DEBUG o.s.web.client.RestTemplate - Reading [class com.easybusiness.bean.SubMenuUrlDTO] as "application/json;charset=UTF-8" using [org.springframework.http.converter.json.MappingJackson2HttpMessageConverter@6865c751]
2017-07-26 23:36:03,936 INFO  c.e.restclient.UserClient - response of get Url by SubMenu Id is  SubMenuUrl [id=3, subMenu=SubMenu [id=3, menu=null, subMenu=Create Menu, modifiedTime=null, modifiedBy=null], url=createmenu.action, createdBy=null, createdOn=null]
2017-07-26 23:36:03,936 DEBUG o.s.web.client.RestTemplate - Created GET request for "http://localhost:1080/easybusiness/menu/getSubMenuBySubMenuId/9"
2017-07-26 23:36:03,936 DEBUG o.s.web.client.RestTemplate - Setting request Accept header to [application/json, application/*+json]
2017-07-26 23:36:03,956 DEBUG o.s.web.client.RestTemplate - GET request for "http://localhost:1080/easybusiness/menu/getSubMenuBySubMenuId/9" resulted in 200 (null)
2017-07-26 23:36:03,956 DEBUG o.s.web.client.RestTemplate - Reading [class com.easybusiness.bean.SubMenuDTO] as "application/json;charset=UTF-8" using [org.springframework.http.converter.json.MappingJackson2HttpMessageConverter@6865c751]
2017-07-26 23:36:03,956 INFO  c.e.restclient.UserClient - response of get Sub Menu by Sub Menu Id is  SubMenu [id=9, menu=Menu [id=3, menuName=Role, modifiedBy=null, modifiedTime=null], subMenu=Create Role, modifiedTime=null, modifiedBy=null]
2017-07-26 23:36:03,956 DEBUG o.s.web.client.RestTemplate - Created GET request for "http://localhost:1080/easybusiness/menu/getSubMenuBySubMenuId/10"
2017-07-26 23:36:03,956 DEBUG o.s.web.client.RestTemplate - Setting request Accept header to [application/json, application/*+json]
2017-07-26 23:36:03,983 DEBUG o.s.web.client.RestTemplate - GET request for "http://localhost:1080/easybusiness/menu/getSubMenuBySubMenuId/10" resulted in 200 (null)
2017-07-26 23:36:03,983 DEBUG o.s.web.client.RestTemplate - Reading [class com.easybusiness.bean.SubMenuDTO] as "application/json;charset=UTF-8" using [org.springframework.http.converter.json.MappingJackson2HttpMessageConverter@6865c751]
2017-07-26 23:36:03,983 INFO  c.e.restclient.UserClient - response of get Sub Menu by Sub Menu Id is  SubMenu [id=10, menu=Menu [id=3, menuName=Role, modifiedBy=null, modifiedTime=null], subMenu=View Role, modifiedTime=null, modifiedBy=null]
2017-07-26 23:36:03,984 DEBUG o.s.web.client.RestTemplate - Created GET request for "http://localhost:1080/easybusiness/menu/getUrlBySubMenuId/9"
2017-07-26 23:36:03,984 DEBUG o.s.web.client.RestTemplate - Setting request Accept header to [application/json, application/*+json]
2017-07-26 23:36:04,003 DEBUG o.s.web.client.RestTemplate - GET request for "http://localhost:1080/easybusiness/menu/getUrlBySubMenuId/9" resulted in 200 (null)
2017-07-26 23:36:04,003 DEBUG o.s.web.client.RestTemplate - Reading [class com.easybusiness.bean.SubMenuUrlDTO] as "application/json;charset=UTF-8" using [org.springframework.http.converter.json.MappingJackson2HttpMessageConverter@6865c751]
2017-07-26 23:36:04,003 INFO  c.e.restclient.UserClient - response of get Url by SubMenu Id is  SubMenuUrl [id=9, subMenu=SubMenu [id=9, menu=null, subMenu=Create Role, modifiedTime=null, modifiedBy=null], url=createrole.action, createdBy=null, createdOn=null]
2017-07-26 23:36:04,003 DEBUG o.s.web.client.RestTemplate - Created GET request for "http://localhost:1080/easybusiness/menu/getUrlBySubMenuId/10"
2017-07-26 23:36:04,003 DEBUG o.s.web.client.RestTemplate - Setting request Accept header to [application/json, application/*+json]
2017-07-26 23:36:04,018 DEBUG o.s.web.client.RestTemplate - GET request for "http://localhost:1080/easybusiness/menu/getUrlBySubMenuId/10" resulted in 200 (null)
2017-07-26 23:36:04,018 DEBUG o.s.web.client.RestTemplate - Reading [class com.easybusiness.bean.SubMenuUrlDTO] as "application/json;charset=UTF-8" using [org.springframework.http.converter.json.MappingJackson2HttpMessageConverter@6865c751]
2017-07-26 23:36:04,018 INFO  c.e.restclient.UserClient - response of get Url by SubMenu Id is  SubMenuUrl [id=10, subMenu=SubMenu [id=10, menu=null, subMenu=View Role, modifiedTime=null, modifiedBy=null], url=viewrole.action, createdBy=null, createdOn=null]
2017-07-26 23:36:04,020 DEBUG o.s.web.client.RestTemplate - Created GET request for "http://localhost:1080/easybusiness/menu/getSubMenuBySubMenuId/4"
2017-07-26 23:36:04,020 DEBUG o.s.web.client.RestTemplate - Setting request Accept header to [application/json, application/*+json]
2017-07-26 23:36:04,043 DEBUG o.s.web.client.RestTemplate - GET request for "http://localhost:1080/easybusiness/menu/getSubMenuBySubMenuId/4" resulted in 200 (null)
2017-07-26 23:36:04,045 DEBUG o.s.web.client.RestTemplate - Reading [class com.easybusiness.bean.SubMenuDTO] as "application/json;charset=UTF-8" using [org.springframework.http.converter.json.MappingJackson2HttpMessageConverter@6865c751]
2017-07-26 23:36:04,045 INFO  c.e.restclient.UserClient - response of get Sub Menu by Sub Menu Id is  SubMenu [id=4, menu=Menu [id=4, menuName=User Group, modifiedBy=null, modifiedTime=null], subMenu=Create User Group, modifiedTime=null, modifiedBy=null]
2017-07-26 23:36:04,045 DEBUG o.s.web.client.RestTemplate - Created GET request for "http://localhost:1080/easybusiness/menu/getSubMenuBySubMenuId/5"
2017-07-26 23:36:04,045 DEBUG o.s.web.client.RestTemplate - Setting request Accept header to [application/json, application/*+json]
2017-07-26 23:36:04,058 DEBUG o.s.web.client.RestTemplate - GET request for "http://localhost:1080/easybusiness/menu/getSubMenuBySubMenuId/5" resulted in 200 (null)
2017-07-26 23:36:04,058 DEBUG o.s.web.client.RestTemplate - Reading [class com.easybusiness.bean.SubMenuDTO] as "application/json;charset=UTF-8" using [org.springframework.http.converter.json.MappingJackson2HttpMessageConverter@6865c751]
2017-07-26 23:36:04,058 INFO  c.e.restclient.UserClient - response of get Sub Menu by Sub Menu Id is  SubMenu [id=5, menu=Menu [id=4, menuName=User Group, modifiedBy=null, modifiedTime=null], subMenu=View User Group, modifiedTime=null, modifiedBy=null]
2017-07-26 23:36:04,058 DEBUG o.s.web.client.RestTemplate - Created GET request for "http://localhost:1080/easybusiness/menu/getSubMenuBySubMenuId/6"
2017-07-26 23:36:04,059 DEBUG o.s.web.client.RestTemplate - Setting request Accept header to [application/json, application/*+json]
2017-07-26 23:36:04,074 DEBUG o.s.web.client.RestTemplate - GET request for "http://localhost:1080/easybusiness/menu/getSubMenuBySubMenuId/6" resulted in 200 (null)
2017-07-26 23:36:04,074 DEBUG o.s.web.client.RestTemplate - Reading [class com.easybusiness.bean.SubMenuDTO] as "application/json;charset=UTF-8" using [org.springframework.http.converter.json.MappingJackson2HttpMessageConverter@6865c751]
2017-07-26 23:36:04,074 INFO  c.e.restclient.UserClient - response of get Sub Menu by Sub Menu Id is  SubMenu [id=6, menu=Menu [id=4, menuName=User Group, modifiedBy=null, modifiedTime=null], subMenu=Map User To User Group, modifiedTime=null, modifiedBy=null]
2017-07-26 23:36:04,075 DEBUG o.s.web.client.RestTemplate - Created GET request for "http://localhost:1080/easybusiness/menu/getSubMenuBySubMenuId/7"
2017-07-26 23:36:04,075 DEBUG o.s.web.client.RestTemplate - Setting request Accept header to [application/json, application/*+json]
2017-07-26 23:36:04,083 DEBUG o.s.web.client.RestTemplate - GET request for "http://localhost:1080/easybusiness/menu/getSubMenuBySubMenuId/7" resulted in 200 (null)
2017-07-26 23:36:04,084 DEBUG o.s.web.client.RestTemplate - Reading [class com.easybusiness.bean.SubMenuDTO] as "application/json;charset=UTF-8" using [org.springframework.http.converter.json.MappingJackson2HttpMessageConverter@6865c751]
2017-07-26 23:36:04,084 INFO  c.e.restclient.UserClient - response of get Sub Menu by Sub Menu Id is  SubMenu [id=7, menu=Menu [id=4, menuName=User Group, modifiedBy=null, modifiedTime=null], subMenu=Map Menu To User Group, modifiedTime=null, modifiedBy=null]
2017-07-26 23:36:04,084 DEBUG o.s.web.client.RestTemplate - Created GET request for "http://localhost:1080/easybusiness/menu/getUrlBySubMenuId/4"
2017-07-26 23:36:04,084 DEBUG o.s.web.client.RestTemplate - Setting request Accept header to [application/json, application/*+json]
2017-07-26 23:36:04,097 DEBUG o.s.web.client.RestTemplate - GET request for "http://localhost:1080/easybusiness/menu/getUrlBySubMenuId/4" resulted in 200 (null)
2017-07-26 23:36:04,097 DEBUG o.s.web.client.RestTemplate - Reading [class com.easybusiness.bean.SubMenuUrlDTO] as "application/json;charset=UTF-8" using [org.springframework.http.converter.json.MappingJackson2HttpMessageConverter@6865c751]
2017-07-26 23:36:04,097 INFO  c.e.restclient.UserClient - response of get Url by SubMenu Id is  SubMenuUrl [id=4, subMenu=SubMenu [id=4, menu=null, subMenu=Create User Group, modifiedTime=null, modifiedBy=null], url=createusergroup.action, createdBy=null, createdOn=null]
2017-07-26 23:36:04,098 DEBUG o.s.web.client.RestTemplate - Created GET request for "http://localhost:1080/easybusiness/menu/getUrlBySubMenuId/5"
2017-07-26 23:36:04,099 DEBUG o.s.web.client.RestTemplate - Setting request Accept header to [application/json, application/*+json]
2017-07-26 23:36:04,118 DEBUG o.s.web.client.RestTemplate - GET request for "http://localhost:1080/easybusiness/menu/getUrlBySubMenuId/5" resulted in 200 (null)
2017-07-26 23:36:04,119 DEBUG o.s.web.client.RestTemplate - Reading [class com.easybusiness.bean.SubMenuUrlDTO] as "application/json;charset=UTF-8" using [org.springframework.http.converter.json.MappingJackson2HttpMessageConverter@6865c751]
2017-07-26 23:36:04,119 INFO  c.e.restclient.UserClient - response of get Url by SubMenu Id is  SubMenuUrl [id=5, subMenu=SubMenu [id=5, menu=null, subMenu=View User Group, modifiedTime=null, modifiedBy=null], url=viewusergroup.action, createdBy=null, createdOn=null]
2017-07-26 23:36:04,119 DEBUG o.s.web.client.RestTemplate - Created GET request for "http://localhost:1080/easybusiness/menu/getUrlBySubMenuId/6"
2017-07-26 23:36:04,120 DEBUG o.s.web.client.RestTemplate - Setting request Accept header to [application/json, application/*+json]
2017-07-26 23:36:04,143 DEBUG o.s.web.client.RestTemplate - GET request for "http://localhost:1080/easybusiness/menu/getUrlBySubMenuId/6" resulted in 200 (null)
2017-07-26 23:36:04,145 DEBUG o.s.web.client.RestTemplate - Reading [class com.easybusiness.bean.SubMenuUrlDTO] as "application/json;charset=UTF-8" using [org.springframework.http.converter.json.MappingJackson2HttpMessageConverter@6865c751]
2017-07-26 23:36:04,145 INFO  c.e.restclient.UserClient - response of get Url by SubMenu Id is  SubMenuUrl [id=6, subMenu=SubMenu [id=6, menu=null, subMenu=Map User To User Group, modifiedTime=null, modifiedBy=null], url=mapusertogroup.action, createdBy=null, createdOn=null]
2017-07-26 23:36:04,145 DEBUG o.s.web.client.RestTemplate - Created GET request for "http://localhost:1080/easybusiness/menu/getUrlBySubMenuId/7"
2017-07-26 23:36:04,145 DEBUG o.s.web.client.RestTemplate - Setting request Accept header to [application/json, application/*+json]
2017-07-26 23:36:04,161 DEBUG o.s.web.client.RestTemplate - GET request for "http://localhost:1080/easybusiness/menu/getUrlBySubMenuId/7" resulted in 200 (null)
2017-07-26 23:36:04,162 DEBUG o.s.web.client.RestTemplate - Reading [class com.easybusiness.bean.SubMenuUrlDTO] as "application/json;charset=UTF-8" using [org.springframework.http.converter.json.MappingJackson2HttpMessageConverter@6865c751]
2017-07-26 23:36:04,163 INFO  c.e.restclient.UserClient - response of get Url by SubMenu Id is  SubMenuUrl [id=7, subMenu=SubMenu [id=7, menu=null, subMenu=Map Menu To User Group, modifiedTime=null, modifiedBy=null], url=mapgrouptomenu.action, createdBy=null, createdOn=null]
2017-07-26 23:36:04,163 INFO  com.easybusiness.action.LoginAction - user group is UserGroupMap [id=2, userGroup=UserGroup [id=3, userGroupName=Admin, isEnable=1, fromDate=2017-07-02, toDate=null, modifiedBy=null, modifiedOn=null], user=User [id=2, userName=admin, firstName=admin, fromDate=2017-07-02, lastName=admin, password=admin@123, gender=male, dateOfBirth=2017-07-02, email=admin@slscomptech.com, alternateEmail=null, mobile=9832841245, endDate=null, organization=SLS, department=HR, designation=HR Admin, typeOfEmployment=Permanent, isEnabled=1, userImg=null, modifiedBy=null, modifiedOn=null], isEnable=1, fromDate=2017-07-02, toDate=null, modifiedBy=null, modifiedOn=null]
2017-07-26 23:36:04,163 INFO  com.easybusiness.action.LoginAction - user role is UserGroupMap [id=2, Role=Role [id=1, role=Admin, isEnable=1, fromDate=2017-06-26, toDate=null, modifiedBy=null, modifiedOn=null], user=User [id=2, userName=admin, firstName=admin, fromDate=2017-07-02, lastName=admin, password=admin@123, gender=male, dateOfBirth=2017-07-02, email=admin@slscomptech.com, alternateEmail=null, mobile=9832841245, endDate=null, organization=SLS, department=HR, designation=HR Admin, typeOfEmployment=Permanent, isEnabled=1, userImg=null, modifiedBy=null, modifiedOn=null], isEnable=null, fromDate=2017-07-02, toDate=null, modifiedBy=null, modifiedOn=null]
2017-07-26 23:36:04,164 INFO  com.easybusiness.action.LoginAction - user menu is UserGroupMenuSubMenu [id=231, menuItem=Menu [id=1, menuName=User, modifiedBy=null, modifiedTime=null], subMenuItem=SubMenu [id=1, menu=null, subMenu=Create User, modifiedTime=null, modifiedBy=null], userGroup=UserGroup [id=3, userGroupName=Admin, isEnable=1, fromDate=2017-07-02, toDate=null, modifiedBy=null, modifiedOn=null], isEnable=1, fromDate=null, toDate=null, modifiedBy=null, modifiedOn=null]
2017-07-26 23:36:04,164 INFO  com.easybusiness.action.LoginAction - user bank details is  UserBankMap [id=2, user=User [id=2, userName=admin, firstName=admin, fromDate=2017-07-02, lastName=admin, password=admin@123, gender=male, dateOfBirth=2017-07-02, email=admin@slscomptech.com, alternateEmail=null, mobile=9832841245, endDate=null, organization=SLS, department=HR, designation=HR Admin, typeOfEmployment=Permanent, isEnabled=1, userImg=null, modifiedBy=null, modifiedOn=null], bank=Bank [id=1, bankName=HDFC, location=Salt Lake, address=Sector 5 Kolkata, modifiedBy=null, modifiedOn=null], branch=Branch [id=1, bank=Bank [id=1, bankName=HDFC, location=Salt Lake, address=Sector 5 Kolkata, modifiedBy=null, modifiedOn=null], branchName=Sector 5, address=null, modifiedBy=null, modifiedOn=null], accountNum=0001111444, ifscCode=00111156, modifiedBy=null, modifiedOn=null]
2017-07-26 23:36:04,164 INFO  com.easybusiness.action.LoginAction - map of url sub menu is [SubMenuUrl [id=2, subMenu=SubMenu [id=1, menu=null, subMenu=Create User, modifiedTime=null, modifiedBy=null], url=createuser.action, createdBy=null, createdOn=null], SubMenuUrl [id=1, subMenu=SubMenu [id=2, menu=null, subMenu=View User, modifiedTime=null, modifiedBy=null], url=viewuser.action, createdBy=null, createdOn=null], SubMenuUrl [id=3, subMenu=SubMenu [id=3, menu=null, subMenu=Create Menu, modifiedTime=null, modifiedBy=null], url=createmenu.action, createdBy=null, createdOn=null], SubMenuUrl [id=4, subMenu=SubMenu [id=4, menu=null, subMenu=Create User Group, modifiedTime=null, modifiedBy=null], url=createusergroup.action, createdBy=null, createdOn=null], SubMenuUrl [id=5, subMenu=SubMenu [id=5, menu=null, subMenu=View User Group, modifiedTime=null, modifiedBy=null], url=viewusergroup.action, createdBy=null, createdOn=null], SubMenuUrl [id=6, subMenu=SubMenu [id=6, menu=null, subMenu=Map User To User Group, modifiedTime=null, modifiedBy=null], url=mapusertogroup.action, createdBy=null, createdOn=null], SubMenuUrl [id=7, subMenu=SubMenu [id=7, menu=null, subMenu=Map Menu To User Group, modifiedTime=null, modifiedBy=null], url=mapgrouptomenu.action, createdBy=null, createdOn=null], SubMenuUrl [id=8, subMenu=SubMenu [id=8, menu=null, subMenu=Map Bank Details, modifiedTime=null, modifiedBy=null], url=mapuserbank.action, createdBy=null, createdOn=null], SubMenuUrl [id=9, subMenu=SubMenu [id=9, menu=null, subMenu=Create Role, modifiedTime=null, modifiedBy=null], url=createrole.action, createdBy=null, createdOn=null], SubMenuUrl [id=10, subMenu=SubMenu [id=10, menu=null, subMenu=View Role, modifiedTime=null, modifiedBy=null], url=viewrole.action, createdBy=null, createdOn=null], SubMenuUrl [id=11, subMenu=SubMenu [id=11, menu=null, subMenu=Map Role, modifiedTime=null, modifiedBy=null], url=mapuserrole.action, createdBy=null, createdOn=null]]
2017-07-26 23:36:04,484 DEBUG o.s.b.w.f.OrderedRequestContextFilter - Cleared thread-bound request context: org.apache.catalina.connector.RequestFacade@4bae618d
2017-07-26 23:36:08,276 DEBUG o.s.b.w.f.OrderedRequestContextFilter - Bound request context to thread: org.apache.catalina.connector.RequestFacade@4bae618d
2017-07-26 23:36:08,281 DEBUG o.s.b.f.a.InjectionMetadata - Processing injected element of bean 'com.easybusiness.action.CreateUserLandingAction': AutowiredFieldElement for com.easybusiness.restclient.UserClient com.easybusiness.action.CreateUserLandingAction.userClient
2017-07-26 23:36:08,281 DEBUG o.s.b.f.s.DefaultListableBeanFactory - Returning cached instance of singleton bean 'userClient'
2017-07-26 23:36:08,395 DEBUG o.s.b.w.f.OrderedRequestContextFilter - Cleared thread-bound request context: org.apache.catalina.connector.RequestFacade@4bae618d
2017-07-26 23:38:44,722 DEBUG o.s.b.w.f.OrderedRequestContextFilter - Bound request context to thread: org.apache.catalina.connector.RequestFacade@4bae618d
2017-07-26 23:38:44,737 DEBUG o.s.b.f.a.InjectionMetadata - Processing injected element of bean 'com.easybusiness.action.CreateUserLandingAction': AutowiredFieldElement for com.easybusiness.restclient.UserClient com.easybusiness.action.CreateUserLandingAction.userClient
2017-07-26 23:38:44,737 DEBUG o.s.b.f.s.DefaultListableBeanFactory - Returning cached instance of singleton bean 'userClient'
2017-07-26 23:38:44,821 DEBUG o.s.web.client.RestTemplate - Created POST request for "http://localhost:1080/easybusiness/user/addUser"
2017-07-26 23:38:44,821 DEBUG o.s.web.client.RestTemplate - Setting request Accept header to [application/json, application/*+json]
2017-07-26 23:38:44,836 DEBUG o.s.web.client.RestTemplate - Writing [User [id=null, userName=psarkar, firstName=Priyanka Pal, fromDate=null, lastName=Sarkar, password=123, gender=null, dateOfBirth=null, email=psarkar@sls.com, alternateEmail=sarkarp@yahoo.com, mobile=9812341566, endDate=null, organization=null, department=Select Department, designation=null, typeOfEmployment=Select employment type, isEnabled=1, userImg=null, modifiedBy=null, modifiedOn=null]] as "application/json" using [org.springframework.http.converter.json.MappingJackson2HttpMessageConverter@6865c751]
2017-07-26 23:38:44,857 DEBUG o.s.web.client.RestTemplate - POST request for "http://localhost:1080/easybusiness/user/addUser" resulted in 201 (null)
2017-07-26 23:38:44,859 DEBUG o.s.web.client.RestTemplate - Reading [class com.easybusiness.bean.UserDTO] as "application/json;charset=UTF-8" using [org.springframework.http.converter.json.MappingJackson2HttpMessageConverter@6865c751]
2017-07-26 23:38:44,859 INFO  c.e.restclient.UserClient - response of create user is  <201 Created,User [id=null, userName=psarkar, firstName=Priyanka Pal, fromDate=null, lastName=Sarkar, password=123, gender=null, dateOfBirth=null, email=psarkar@sls.com, alternateEmail=sarkarp@yahoo.com, mobile=9812341566, endDate=null, organization=null, department=Select Department, designation=null, typeOfEmployment=Select employment type, isEnabled=1, userImg=null, modifiedBy=null, modifiedOn=null],{Content-Type=[application/json;charset=UTF-8], Transfer-Encoding=[chunked], Date=[Wed, 26 Jul 2017 18:08:44 GMT]}>
2017-07-26 23:38:44,859 DEBUG o.s.web.client.RestTemplate - Created GET request for "http://localhost:1080/easybusiness/user/getByUserName/psarkar"
2017-07-26 23:38:44,859 DEBUG o.s.web.client.RestTemplate - Setting request Accept header to [application/json, application/*+json]
2017-07-26 23:38:44,869 DEBUG o.s.web.client.RestTemplate - GET request for "http://localhost:1080/easybusiness/user/getByUserName/psarkar" resulted in 200 (null)
2017-07-26 23:38:44,869 DEBUG o.s.web.client.RestTemplate - Reading [class com.easybusiness.bean.UserDTO] as "application/json;charset=UTF-8" using [org.springframework.http.converter.json.MappingJackson2HttpMessageConverter@6865c751]
2017-07-26 23:38:44,869 INFO  c.e.restclient.UserClient - response of get user is  <200 OK,User [id=2613, userName=psarkar, firstName=Priyanka Pal, fromDate=null, lastName=Sarkar, password=123, gender=null, dateOfBirth=null, email=psarkar@sls.com, alternateEmail=sarkarp@yahoo.com, mobile=9812341566, endDate=null, organization=null, department=Select Department, designation=null, typeOfEmployment=Select employment type, isEnabled=1, userImg=null, modifiedBy=null, modifiedOn=null],{Content-Type=[application/json;charset=UTF-8], Transfer-Encoding=[chunked], Date=[Wed, 26 Jul 2017 18:08:44 GMT]}>
2017-07-26 23:38:44,911 DEBUG o.s.b.w.f.OrderedRequestContextFilter - Cleared thread-bound request context: org.apache.catalina.connector.RequestFacade@4bae618d
2017-07-26 23:40:05,974 DEBUG o.s.b.w.f.OrderedRequestContextFilter - Bound request context to thread: org.apache.catalina.connector.RequestFacade@4bae618d
2017-07-26 23:40:05,977 DEBUG o.s.b.f.a.InjectionMetadata - Processing injected element of bean 'com.easybusiness.action.CreateUserLandingAction': AutowiredFieldElement for com.easybusiness.restclient.UserClient com.easybusiness.action.CreateUserLandingAction.userClient
2017-07-26 23:40:05,977 DEBUG o.s.b.f.s.DefaultListableBeanFactory - Returning cached instance of singleton bean 'userClient'
2017-07-26 23:40:06,006 DEBUG o.s.web.client.RestTemplate - Created POST request for "http://localhost:1080/easybusiness/user/addUser"
2017-07-26 23:40:06,006 DEBUG o.s.web.client.RestTemplate - Setting request Accept header to [application/json, application/*+json]
2017-07-26 23:40:06,006 DEBUG o.s.web.client.RestTemplate - Writing [User [id=null, userName=admin1, firstName=, fromDate=null, lastName=, password=123, gender=null, dateOfBirth=1987-06-12, email=, alternateEmail=, mobile=null, endDate=null, organization=null, department=Select Department, designation=null, typeOfEmployment=Select employment type, isEnabled=1, userImg=null, modifiedBy=null, modifiedOn=null]] as "application/json" using [org.springframework.http.converter.json.MappingJackson2HttpMessageConverter@6865c751]
2017-07-26 23:40:06,042 DEBUG o.s.web.client.RestTemplate - POST request for "http://localhost:1080/easybusiness/user/addUser" resulted in 201 (null)
2017-07-26 23:40:06,042 DEBUG o.s.web.client.RestTemplate - Reading [class com.easybusiness.bean.UserDTO] as "application/json;charset=UTF-8" using [org.springframework.http.converter.json.MappingJackson2HttpMessageConverter@6865c751]
2017-07-26 23:40:06,044 INFO  c.e.restclient.UserClient - response of create user is  <201 Created,User [id=null, userName=admin1, firstName=, fromDate=null, lastName=, password=123, gender=null, dateOfBirth=1987-06-12, email=, alternateEmail=, mobile=null, endDate=null, organization=null, department=Select Department, designation=null, typeOfEmployment=Select employment type, isEnabled=1, userImg=null, modifiedBy=null, modifiedOn=null],{Content-Type=[application/json;charset=UTF-8], Transfer-Encoding=[chunked], Date=[Wed, 26 Jul 2017 18:10:06 GMT]}>
2017-07-26 23:40:06,044 DEBUG o.s.web.client.RestTemplate - Created GET request for "http://localhost:1080/easybusiness/user/getByUserName/admin1"
2017-07-26 23:40:06,044 DEBUG o.s.web.client.RestTemplate - Setting request Accept header to [application/json, application/*+json]
2017-07-26 23:40:06,054 DEBUG o.s.web.client.RestTemplate - GET request for "http://localhost:1080/easybusiness/user/getByUserName/admin1" resulted in 200 (null)
2017-07-26 23:40:06,057 DEBUG o.s.web.client.RestTemplate - Reading [class com.easybusiness.bean.UserDTO] as "application/json;charset=UTF-8" using [org.springframework.http.converter.json.MappingJackson2HttpMessageConverter@6865c751]
2017-07-26 23:40:06,057 INFO  c.e.restclient.UserClient - response of get user is  <200 OK,User [id=2614, userName=admin1, firstName=null, fromDate=null, lastName=null, password=123, gender=null, dateOfBirth=1987-06-12, email=null, alternateEmail=null, mobile=null, endDate=null, organization=null, department=Select Department, designation=null, typeOfEmployment=Select employment type, isEnabled=1, userImg=null, modifiedBy=null, modifiedOn=null],{Content-Type=[application/json;charset=UTF-8], Transfer-Encoding=[chunked], Date=[Wed, 26 Jul 2017 18:10:06 GMT]}>
2017-07-26 23:40:06,086 DEBUG o.s.b.w.f.OrderedRequestContextFilter - Cleared thread-bound request context: org.apache.catalina.connector.RequestFacade@4bae618d
